<?xml version="1.0" encoding="UTF-8"?>
<!-- Generated by org.testng.reporters.JUnitXMLReporter -->
<testsuite ignored="0" hostname="DESKTOP-1429IRN" failures="0" tests="4" name="Default test" time="1.274" errors="0" timestamp="2022-09-15T17:25:10 ART">
  <testcase classname="test.AddUserTest" name="stepOneCreatingUser" time="0.141"/>
  <testcase classname="test.AddUserTest" name="fillform" time="0.98"/>
  <testcase classname="test.AddUserTest" name="assert_change" time="0.001"/>
  <testcase classname="test.AddUserTest" name="validateNewuser" time="0.114"/>
</testsuite> <!-- Default test -->
