<?xml version="1.0" encoding="UTF-8"?>
<!-- Generated by org.testng.reporters.JUnitXMLReporter -->
<testsuite ignored="0" hostname="DESKTOP-1429IRN" failures="0" tests="3" name="Default test" time="0.781" errors="0" timestamp="2022-09-13T11:51:34 ART">
  <testcase classname="test.AddUserTest" name="stepOneCreatingUser" time="0.095"/>
  <testcase classname="test.AddUserTest" name="fillform" time="0.66"/>
  <testcase classname="test.AddUserTest" name="assert_change" time="0.001"/>
</testsuite> <!-- Default test -->
