<?xml version="1.0" encoding="UTF-8"?>
<testng-results ignored="0" total="2" passed="2" failed="0" skipped="0">
  <reporter-output>
  </reporter-output>
  <suite started-at="2022-09-12T10:25:07 ART" name="teladoc" finished-at="2022-09-12T10:25:09 ART" duration-ms="2332">
    <groups>
    </groups>
    <test started-at="2022-09-12T10:25:07 ART" name="workflow" finished-at="2022-09-12T10:25:09 ART" duration-ms="2332">
      <class name="test.DeletUser">
        <test-method is-config="true" signature="StartDriver(java.lang.String)[pri:0, instance:test.DeletUser@7bd4937b]" started-at="2022-09-12T10:25:02 ART" name="StartDriver" finished-at="2022-09-12T10:25:07 ART" duration-ms="4478" status="PASS">
          <params>
            <param index="0">
              <value>
                <![CDATA[chrome]]>
              </value>
            </param>
          </params>
          <reporter-output>
          </reporter-output>
        </test-method> <!-- StartDriver -->
        <test-method signature="delete()[pri:1, instance:test.DeletUser@7bd4937b]" started-at="2022-09-12T10:25:07 ART" name="delete" finished-at="2022-09-12T10:25:09 ART" duration-ms="2146" status="PASS">
          <reporter-output>
          </reporter-output>
        </test-method> <!-- delete -->
        <test-method signature="validatedelteuser()[pri:0, instance:test.DeletUser@7bd4937b]" started-at="2022-09-12T10:25:09 ART" name="validatedelteuser" finished-at="2022-09-12T10:25:09 ART" depends-on-methods="test.DeletUser.delete" duration-ms="158" status="PASS">
          <reporter-output>
          </reporter-output>
        </test-method> <!-- validatedelteuser -->
        <test-method is-config="true" signature="CloseTab()[pri:0, instance:test.DeletUser@7bd4937b]" started-at="2022-09-12T10:25:09 ART" name="CloseTab" finished-at="2022-09-12T10:25:14 ART" duration-ms="5086" status="PASS">
          <reporter-output>
          </reporter-output>
        </test-method> <!-- CloseTab -->
      </class> <!-- test.DeletUser -->
    </test> <!-- workflow -->
  </suite> <!-- teladoc -->
</testng-results>
