<?xml version="1.0" encoding="UTF-8"?>
<testng-results ignored="0" total="4" passed="4" failed="0" skipped="0">
  <reporter-output>
  </reporter-output>
  <suite started-at="2022-09-15T17:25:09 ART" name="Default suite" finished-at="2022-09-15T17:25:10 ART" duration-ms="1274">
    <groups>
    </groups>
    <test started-at="2022-09-15T17:25:09 ART" name="Default test" finished-at="2022-09-15T17:25:10 ART" duration-ms="1274">
      <class name="test.AddUserTest">
        <test-method is-config="true" signature="StartDriver(java.lang.String)[pri:0, instance:test.AddUserTest@2c35e847]" started-at="2022-09-15T17:25:06 ART" name="StartDriver" finished-at="2022-09-15T17:25:09 ART" duration-ms="2901" status="PASS">
          <params>
            <param index="0">
              <value>
                <![CDATA[chrome]]>
              </value>
            </param>
          </params>
          <reporter-output>
          </reporter-output>
        </test-method> <!-- StartDriver -->
        <test-method signature="stepOneCreatingUser()[pri:1, instance:test.AddUserTest@2c35e847]" started-at="2022-09-15T17:25:09 ART" name="stepOneCreatingUser" finished-at="2022-09-15T17:25:09 ART" duration-ms="141" status="PASS">
          <reporter-output>
          </reporter-output>
        </test-method> <!-- stepOneCreatingUser -->
        <test-method signature="fillform()[pri:0, instance:test.AddUserTest@2c35e847]" started-at="2022-09-15T17:25:09 ART" name="fillform" finished-at="2022-09-15T17:25:10 ART" depends-on-methods="test.AddUserTest.stepOneCreatingUser" duration-ms="980" status="PASS">
          <reporter-output>
          </reporter-output>
        </test-method> <!-- fillform -->
        <test-method signature="assert_change()[pri:0, instance:test.AddUserTest@2c35e847]" started-at="2022-09-15T17:25:10 ART" name="assert_change" finished-at="2022-09-15T17:25:10 ART" depends-on-methods="test.AddUserTest.fillform" duration-ms="1" status="PASS">
          <reporter-output>
          </reporter-output>
        </test-method> <!-- assert_change -->
        <test-method signature="validateNewuser()[pri:0, instance:test.AddUserTest@2c35e847]" started-at="2022-09-15T17:25:10 ART" name="validateNewuser" finished-at="2022-09-15T17:25:10 ART" depends-on-methods="test.AddUserTest.assert_change" duration-ms="114" status="PASS">
          <reporter-output>
          </reporter-output>
        </test-method> <!-- validateNewuser -->
        <test-method is-config="true" signature="CloseTab()[pri:0, instance:test.AddUserTest@2c35e847]" started-at="2022-09-15T17:25:10 ART" name="CloseTab" finished-at="2022-09-15T17:25:15 ART" duration-ms="5131" status="PASS">
          <reporter-output>
          </reporter-output>
        </test-method> <!-- CloseTab -->
      </class> <!-- test.AddUserTest -->
    </test> <!-- Default test -->
  </suite> <!-- Default suite -->
</testng-results>
